<?xml version="1.0" encoding="UTF-8"?>
<!-- Generated by org.testng.reporters.JUnitReportReporter -->
<testsuite skipped="0" hostname="Lab3" name="testingauto.Tests" tests="2" failures="0" timestamp="05 abr 2019 11:52:05 GMT" time="72.098" errors="0">
  <testcase name="compareTwoFlights" time="31.498" classname="testingauto.Tests"/>
  <testcase name="reserveDefaultFlight" time="40.600" classname="testingauto.Tests"/>
</testsuite> <!-- testingauto.Tests -->
