<?xml version="1.0" encoding="UTF-8"?>
<!-- Generated by org.testng.reporters.JUnitXMLReporter -->
<testsuite hostname="Lab3" ignored="0" name="Test-method test" tests="1" failures="0" timestamp="08 abr 2019 08:59:49 GMT" time="32.529" errors="0">
  <testcase name="reserveDefaultFlight" time="24.348" classname="testingauto.Tests"/>
</testsuite> <!-- Test-method test -->
